Checking whether the CXX compiler is IAR using "" did not match "IAR .+ Compiler":
g++: fatal error: no input files
compilation terminated.
Checking whether the CXX compiler is IAR using "" did not match "IAR .+ Compiler":
g++: fatal error: no input files
compilation terminated.
Detecting C compiler ABI info failed to compile with the following output:
Change Dir: /media/extio1/Data/edu/diploma/transema1/src/transema/backend/codegen/native/build/CMakeFiles/CMakeScratch/TryCompile-QJepWJ

Run Build Command(s):/usr/bin/ninja cmTC_9a840 && [1/2] Building C object CMakeFiles/cmTC_9a840.dir/CMakeCCompilerABI.c.o
FAILED: CMakeFiles/cmTC_9a840.dir/CMakeCCompilerABI.c.o 
/usr/bin/gcc   -v -o CMakeFiles/cmTC_9a840.dir/CMakeCCompilerABI.c.o -c /usr/share/cmake-3.25/Modules/CMakeCCompilerABI.c
Using built-in specs.
COLLECT_GCC=/usr/bin/gcc
OFFLOAD_TARGET_NAMES=nvptx-none:amdgcn-amdhsa
OFFLOAD_TARGET_DEFAULT=1
Target: x86_64-linux-gnu
Configured with: ../src/configure -v --with-pkgversion='Ubuntu 12.3.0-1ubuntu1~23.04' --with-bugurl=file:///usr/share/doc/gcc-12/README.Bugs --enable-languages=c,ada,c++,go,d,fortran,objc,obj-c++,m2 --prefix=/usr --with-gcc-major-version-only --program-suffix=-12 --program-prefix=x86_64-linux-gnu- --enable-shared --enable-linker-build-id --libexecdir=/usr/lib --without-included-gettext --enable-threads=posix --libdir=/usr/lib --enable-nls --enable-clocale=gnu --enable-libstdcxx-debug --enable-libstdcxx-time=yes --with-default-libstdcxx-abi=new --enable-gnu-unique-object --disable-vtable-verify --enable-plugin --enable-default-pie --with-system-zlib --enable-libphobos-checking=release --with-target-system-zlib=auto --enable-objc-gc=auto --enable-multiarch --disable-werror --enable-cet --with-arch-32=i686 --with-abi=m64 --with-multilib-list=m32,m64,mx32 --enable-multilib --with-tune=generic --enable-offload-targets=nvptx-none=/build/gcc-12-DAPbBt/gcc-12-12.3.0/debian/tmp-nvptx/usr,amdgcn-amdhsa=/build/gcc-12-DAPbBt/gcc-12-12.3.0/debian/tmp-gcn/usr --enable-offload-defaulted --without-cuda-driver --enable-checking=release --build=x86_64-linux-gnu --host=x86_64-linux-gnu --target=x86_64-linux-gnu
Thread model: posix
Supported LTO compression algorithms: zlib zstd
gcc version 12.3.0 (Ubuntu 12.3.0-1ubuntu1~23.04) 
COLLECT_GCC_OPTIONS='-v' '-o' 'CMakeFiles/cmTC_9a840.dir/CMakeCCompilerABI.c.o' '-c' '-mtune=generic' '-march=x86-64' '-dumpdir' 'CMakeFiles/cmTC_9a840.dir/'
 /usr/lib/gcc/x86_64-linux-gnu/12/cc1 -quiet -v -imultiarch x86_64-linux-gnu /usr/share/cmake-3.25/Modules/CMakeCCompilerABI.c -quiet -dumpdir CMakeFiles/cmTC_9a840.dir/ -dumpbase CMakeCCompilerABI.c.c -dumpbase-ext .c -mtune=generic -march=x86-64 -version -fasynchronous-unwind-tables -fstack-protector-strong -Wformat -Wformat-security -fstack-clash-protection -fcf-protection -o /tmp/cch9zL5a.s
GNU C17 (Ubuntu 12.3.0-1ubuntu1~23.04) version 12.3.0 (x86_64-linux-gnu)
	compiled by GNU C version 12.3.0, GMP version 6.2.1, MPFR version 4.2.0, MPC version 1.3.1, isl version isl-0.25-GMP

GGC heuristics: --param ggc-min-expand=100 --param ggc-min-heapsize=131072
ignoring nonexistent directory "/usr/local/include/x86_64-linux-gnu"
ignoring nonexistent directory "/usr/lib/gcc/x86_64-linux-gnu/12/include-fixed"
ignoring nonexistent directory "/usr/lib/gcc/x86_64-linux-gnu/12/../../../../x86_64-linux-gnu/include"
#include "..." search starts here:
#include <...> search starts here:
 /usr/lib/gcc/x86_64-linux-gnu/12/include
 /usr/local/include
 /usr/include/x86_64-linux-gnu
 /usr/include
End of search list.
GNU C17 (Ubuntu 12.3.0-1ubuntu1~23.04) version 12.3.0 (x86_64-linux-gnu)
	compiled by GNU C version 12.3.0, GMP version 6.2.1, MPFR version 4.2.0, MPC version 1.3.1, isl version isl-0.25-GMP

GGC heuristics: --param ggc-min-expand=100 --param ggc-min-heapsize=131072
Compiler executable checksum: d9353c3f0a32d3e91a16ba312e2a9024
/usr/share/cmake-3.25/Modules/CMakeCCompilerABI.c:27:1: fatal error: error closing /tmp/cch9zL5a.s: No space left on device
   27 | }
      | ^
compilation terminated.
ninja: build stopped: subcommand failed.




Determining if the C compiler works failed with the following output:
Change Dir: /media/extio1/Data/edu/diploma/transema1/src/transema/backend/codegen/native/build/CMakeFiles/CMakeScratch/TryCompile-k2YLKb

Run Build Command(s):/usr/bin/ninja cmTC_9e198 && [1/2] Building C object CMakeFiles/cmTC_9e198.dir/testCCompiler.c.o
FAILED: CMakeFiles/cmTC_9e198.dir/testCCompiler.c.o 
/usr/bin/gcc    -o CMakeFiles/cmTC_9e198.dir/testCCompiler.c.o -c /media/extio1/Data/edu/diploma/transema1/src/transema/backend/codegen/native/build/CMakeFiles/CMakeScratch/TryCompile-k2YLKb/testCCompiler.c
/media/extio1/Data/edu/diploma/transema1/src/transema/backend/codegen/native/build/CMakeFiles/CMakeScratch/TryCompile-k2YLKb/testCCompiler.c:11:1: fatal error: error closing /tmp/ccFRTvvf.s: No space left on device
   11 | { (void)argv; return argc-1;}
      | ^
compilation terminated.
ninja: build stopped: subcommand failed.



